<?xml version="1.0" encoding="UTF-8"?>
<testsuite xmlns:xsi="http://www.w3.org/2001/XMLSchema-instance" xsi:noNamespaceSchemaLocation="https://maven.apache.org/surefire/maven-surefire-plugin/xsd/surefire-test-report-3.0.xsd" version="3.0" name="bowling.CucumberRunnerTest" time="1.967" tests="12" errors="0" skipped="0" failures="0">
  <properties>
[...]
</properties>
  <testcase name="Score increases after second roll following strike in last frame" classname="Last Frame" time="0.217">
    <system-out><![CDATA[
Scenario: Score increases after second roll following strike in last frame &amp#27;[90m# bowling/last_frame.feature:4&amp#27;[0m
  &amp#27;[32mGiven &amp#27;[0m&amp#27;[32ma last frame&amp#27;[0m                                                       &amp#27;[90m# bowling.FrameStepDefinitions.aLastFrame()&amp#27;[0m
  &amp#27;[32mAnd &amp#27;[0m&amp#27;[32mthe generator is configured as:&amp#27;[0m                                      &amp#27;[90m# bowling.FrameStepDefinitions.theGeneratorIsConfiguredAs(io.cucumber.datatable.DataTable)&amp#27;[0m
    | max | returns |
    | 10  | 10      |
    | 10  | 5       |
  &amp#27;[32mWhen &amp#27;[0m&amp#27;[32mthe player makes &amp#27;[0m&amp#27;[32m&amp#27;[1m2&amp#27;[0m&amp#27;[32m rolls&amp#27;[0m                                            &amp#27;[90m# bowling.FrameStepDefinitions.thePlayerMakesRolls(int)&amp#27;[0m
  &amp#27;[32mThen &amp#27;[0m&amp#27;[32mthe score should be &amp#27;[0m&amp#27;[32m&amp#27;[1m15&amp#27;[0m                                              &amp#27;[90m# bowling.FrameStepDefinitions.theScoreShouldBe(int)&amp#27;[0m
]]></system-out>
    <system-err><![CDATA[java.lang.instrument.IllegalClassFormatException: Error while instrumenting javax/lang/model/SourceVersion with JaCoCo 0.8.12.202403310830/dbfb6f2.
	at org.jacoco.agent.rt.internal_aeaf9ab.CoverageTransformer.transform(CoverageTransformer.java:94)
	at java.instrument/java.lang.instrument.ClassFileTransformer.transform(ClassFileTransformer.java:257)
	at java.instrument/sun.instrument.TransformerManager.transform(TransformerManager.java:188)
	at java.instrument/sun.instrument.InstrumentationImpl.transform(InstrumentationImpl.java:594)
	at java.base/java.lang.ClassLoader.defineClass2(Native Method)
	at java.base/java.lang.ClassLoader.defineClass(ClassLoader.java:1052)
	at java.base/java.security.SecureClassLoader.defineClass(SecureClassLoader.java:176)
	at java.base/jdk.internal.loader.BuiltinClassLoader.defineClass(BuiltinClassLoader.java:735)
	at java.base/jdk.internal.loader.BuiltinClassLoader.findClassInModuleOrNull(BuiltinClassLoader.java:678)
	at java.base/jdk.internal.loader.BuiltinClassLoader.loadClassOrNull(BuiltinClassLoader.java:604)
	at java.base/jdk.internal.loader.BuiltinClassLoader.loadClassOrNull(BuiltinClassLoader.java:639)
	at java.base/jdk.internal.loader.BuiltinClassLoader.loadClassOrNull(BuiltinClassLoader.java:608)
	at java.base/jdk.internal.loader.BuiltinClassLoader.loadClass(BuiltinClassLoader.java:578)
	at java.base/java.lang.ClassLoader.loadClass(ClassLoader.java:490)
	at io.cucumber.core.resource.ClasspathSupport.requireValidPackageName(ClasspathSupport.java:41)
	at io.cucumber.core.resource.ClasspathScanner.scanForClassesInPackage(ClasspathScanner.java:49)
	at io.cucumber.core.resource.ClasspathScanner.scanForClassesInPackage(ClasspathScanner.java:115)
	at java.base/java.util.stream.ReferencePipeline$3$1.accept(ReferencePipeline.java:214)
	at java.base/java.util.stream.ReferencePipeline$3$1.accept(ReferencePipeline.java:214)
	at java.base/java.util.stream.ReferencePipeline$2$1.accept(ReferencePipeline.java:197)
	at java.base/java.util.ArrayList$ArrayListSpliterator.forEachRemaining(ArrayList.java:1716)
	at java.base/java.util.stream.AbstractPipeline.copyInto(AbstractPipeline.java:570)
	at java.base/java.util.stream.AbstractPipeline.wrapAndCopyInto(AbstractPipeline.java:560)
	at java.base/java.util.stream.ForEachOps$ForEachOp.evaluateSequential(ForEachOps.java:153)
	at java.base/java.util.stream.ForEachOps$ForEachOp$OfRef.evaluateSequential(ForEachOps.java:176)
	at java.base/java.util.stream.AbstractPipeline.evaluate(AbstractPipeline.java:265)
	at java.base/java.util.stream.ReferencePipeline.forEach(ReferencePipeline.java:632)
	at io.cucumber.java.JavaBackend.loadGlue(JavaBackend.java:41)
	at io.cucumber.core.runner.Runner.<init>(Runner.java:56)
	at io.cucumber.core.runtime.SingletonRunnerSupplier.createRunner(SingletonRunnerSupplier.java:44)
	at io.cucumber.core.runtime.SingletonRunnerSupplier.get(SingletonRunnerSupplier.java:35)
	at io.cucumber.core.runtime.RethrowingThrowableCollector.executeAndThrow(RethrowingThrowableCollector.java:35)
	at io.cucumber.core.runtime.CucumberExecutionContext.getRunner(CucumberExecutionContext.java:140)
	at io.cucumber.core.runtime.CucumberExecutionContext.runBeforeAllHooks(CucumberExecutionContext.java:92)
	at io.cucumber.junit.platform.engine.CucumberEngineExecutionContext.runBeforeAllHooks(CucumberEngineExecutionContext.java:101)
	at io.cucumber.junit.platform.engine.CucumberEngineDescriptor.ifChildren(CucumberEngineDescriptor.java:63)
	at io.cucumber.junit.platform.engine.CucumberEngineDescriptor.before(CucumberEngineDescriptor.java:38)
	at io.cucumber.junit.platform.engine.CucumberEngineDescriptor.before(CucumberEngineDescriptor.java:12)
	at org.junit.platform.engine.support.hierarchical.NodeTestTask.lambda$executeRecursively$6(NodeTestTask.java:148)
	at org.junit.platform.engine.support.hierarchical.ThrowableCollector.execute(ThrowableCollector.java:73)
	at org.junit.platform.engine.support.hierarchical.NodeTestTask.lambda$executeRecursively$8(NodeTestTask.java:141)
	at org.junit.platform.engine.support.hierarchical.Node.around(Node.java:137)
	at org.junit.platform.engine.support.hierarchical.NodeTestTask.lambda$executeRecursively$9(NodeTestTask.java:139)
	at org.junit.platform.engine.support.hierarchical.ThrowableCollector.execute(ThrowableCollector.java:73)
	at org.junit.platform.engine.support.hierarchical.NodeTestTask.executeRecursively(NodeTestTask.java:138)
	at org.junit.platform.engine.support.hierarchical.NodeTestTask.execute(NodeTestTask.java:95)
	at org.junit.platform.engine.support.hierarchical.SameThreadHierarchicalTestExecutorService.submit(SameThreadHierarchicalTestExecutorService.java:35)
	at org.junit.platform.engine.support.hierarchical.HierarchicalTestExecutor.execute(HierarchicalTestExecutor.java:57)
	at org.junit.platform.engine.support.hierarchical.HierarchicalTestEngine.execute(HierarchicalTestEngine.java:54)
	at org.junit.platform.launcher.core.EngineExecutionOrchestrator.execute(EngineExecutionOrchestrator.java:198)
	at org.junit.platform.launcher.core.EngineExecutionOrchestrator.execute(EngineExecutionOrchestrator.java:169)
	at org.junit.platform.launcher.core.EngineExecutionOrchestrator.execute(EngineExecutionOrchestrator.java:93)
	at org.junit.platform.launcher.core.EngineExecutionOrchestrator.execute(EngineExecutionOrchestrator.java:76)
	at org.junit.platform.suite.engine.SuiteLauncher.execute(SuiteLauncher.java:63)
	at org.junit.platform.suite.engine.SuiteTestDescriptor.execute(SuiteTestDescriptor.java:128)
	at org.junit.platform.suite.engine.SuiteTestEngine.lambda$execute$0(SuiteTestEngine.java:73)
	at java.base/java.util.stream.ForEachOps$ForEachOp$OfRef.accept(ForEachOps.java:186)
	at java.base/java.util.stream.ReferencePipeline$3$1.accept(ReferencePipeline.java:214)
	at java.base/java.util.Iterator.forEachRemaining(Iterator.java:133)
	at java.base/java.util.Spliterators$IteratorSpliterator.forEachRemaining(Spliterators.java:1939)
	at java.base/java.util.stream.AbstractPipeline.copyInto(AbstractPipeline.java:570)
	at java.base/java.util.stream.AbstractPipeline.wrapAndCopyInto(AbstractPipeline.java:560)
	at java.base/java.util.stream.ForEachOps$ForEachOp.evaluateSequential(ForEachOps.java:153)
	at java.base/java.util.stream.ForEachOps$ForEachOp$OfRef.evaluateSequential(ForEachOps.java:176)
	at java.base/java.util.stream.AbstractPipeline.evaluate(AbstractPipeline.java:265)
	at java.base/java.util.stream.ReferencePipeline.forEach(ReferencePipeline.java:632)
	at org.junit.platform.suite.engine.SuiteTestEngine.execute(SuiteTestEngine.java:73)
	at org.junit.platform.launcher.core.EngineExecutionOrchestrator.execute(EngineExecutionOrchestrator.java:198)
	at org.junit.platform.launcher.core.EngineExecutionOrchestrator.execute(EngineExecutionOrchestrator.java:169)
	at org.junit.platform.launcher.core.EngineExecutionOrchestrator.execute(EngineExecutionOrchestrator.java:93)
	at org.junit.platform.launcher.core.EngineExecutionOrchestrator.lambda$execute$0(EngineExecutionOrchestrator.java:58)
	at org.junit.platform.launcher.core.EngineExecutionOrchestrator.withInterceptedStreams(EngineExecutionOrchestrator.java:141)
	at org.junit.platform.launcher.core.EngineExecutionOrchestrator.execute(EngineExecutionOrchestrator.java:57)
	at org.junit.platform.launcher.core.DefaultLauncher.execute(DefaultLauncher.java:103)
	at org.junit.platform.launcher.core.DefaultLauncher.execute(DefaultLauncher.java:85)
	at org.junit.platform.launcher.core.DelegatingLauncher.execute(DelegatingLauncher.java:47)
	at org.apache.maven.surefire.junitplatform.LazyLauncher.execute(LazyLauncher.java:56)
	at org.apache.maven.surefire.junitplatform.JUnitPlatformProvider.execute(JUnitPlatformProvider.java:184)
	at org.apache.maven.surefire.junitplatform.JUnitPlatformProvider.invokeAllTests(JUnitPlatformProvider.java:148)
	at org.apache.maven.surefire.junitplatform.JUnitPlatformProvider.invoke(JUnitPlatformProvider.java:122)
	at org.apache.maven.surefire.booter.ForkedBooter.runSuitesInProcess(ForkedBooter.java:385)
	at org.apache.maven.surefire.booter.ForkedBooter.execute(ForkedBooter.java:162)
	at org.apache.maven.surefire.booter.ForkedBooter.run(ForkedBooter.java:507)
	at org.apache.maven.surefire.booter.ForkedBooter.main(ForkedBooter.java:495)
Caused by: java.io.IOException: Error while instrumenting javax/lang/model/SourceVersion with JaCoCo 0.8.12.202403310830/dbfb6f2.
	at org.jacoco.agent.rt.internal_aeaf9ab.core.instr.Instrumenter.instrumentError(Instrumenter.java:161)
	at org.jacoco.agent.rt.internal_aeaf9ab.core.instr.Instrumenter.instrument(Instrumenter.java:111)
	at org.jacoco.agent.rt.internal_aeaf9ab.CoverageTransformer.transform(CoverageTransformer.java:92)
	... 83 more
Caused by: java.lang.IllegalArgumentException: Unsupported class file major version 69
	at org.jacoco.agent.rt.internal_aeaf9ab.asm.ClassReader.<init>(ClassReader.java:200)
	at org.jacoco.agent.rt.internal_aeaf9ab.asm.ClassReader.<init>(ClassReader.java:180)
	at org.jacoco.agent.rt.internal_aeaf9ab.asm.ClassReader.<init>(ClassReader.java:166)
	at org.jacoco.agent.rt.internal_aeaf9ab.core.internal.instr.InstrSupport.classReaderFor(InstrSupport.java:280)
	at org.jacoco.agent.rt.internal_aeaf9ab.core.instr.Instrumenter.instrument(Instrumenter.java:77)
	at org.jacoco.agent.rt.internal_aeaf9ab.core.instr.Instrumenter.instrument(Instrumenter.java:109)
	... 84 more
]]></system-err>
  </testcase>
  <testcase name="Second roll accepted after strike in last frame" classname="Last Frame" time="0.019">
    <system-out><![CDATA[
Scenario: Second roll accepted after strike in last frame &amp#27;[90m# bowling/last_frame.feature:13&amp#27;[0m
  &amp#27;[32mGiven &amp#27;[0m&amp#27;[32ma last frame&amp#27;[0m                                      &amp#27;[90m# bowling.FrameStepDefinitions.aLastFrame()&amp#27;[0m
  &amp#27;[32mAnd &amp#27;[0m&amp#27;[32mthe generator is configured as:&amp#27;[0m                     &amp#27;[90m# bowling.FrameStepDefinitions.theGeneratorIsConfiguredAs(io.cucumber.datatable.DataTable)&amp#27;[0m
    | max | returns |
    | 10  | 10      |
    | 10  | 5       |
  &amp#27;[32mWhen &amp#27;[0m&amp#27;[32mthe player makes &amp#27;[0m&amp#27;[32m&amp#27;[1m2&amp#27;[0m&amp#27;[32m rolls&amp#27;[0m                           &amp#27;[90m# bowling.FrameStepDefinitions.thePlayerMakesRolls(int)&amp#27;[0m
  &amp#27;[32mThen &amp#27;[0m&amp#27;[32mall rolls should have been accepted&amp#27;[0m                &amp#27;[90m# bowling.FrameStepDefinitions.allRollsShouldHaveBeenAccepted()&amp#27;[0m
]]></system-out>
  </testcase>
  <testcase name="Third roll accepted after strike in last frame" classname="Last Frame" time="0.013">
    <system-out><![CDATA[
Scenario: Third roll accepted after strike in last frame &amp#27;[90m# bowling/last_frame.feature:22&amp#27;[0m
  &amp#27;[32mGiven &amp#27;[0m&amp#27;[32ma last frame&amp#27;[0m                                     &amp#27;[90m# bowling.FrameStepDefinitions.aLastFrame()&amp#27;[0m
  &amp#27;[32mAnd &amp#27;[0m&amp#27;[32mthe generator is configured as:&amp#27;[0m                    &amp#27;[90m# bowling.FrameStepDefinitions.theGeneratorIsConfiguredAs(io.cucumber.datatable.DataTable)&amp#27;[0m
    | max | returns |
    | 10  | 10      |
    | 10  | 5       |
    | 10  | 3       |
  &amp#27;[32mWhen &amp#27;[0m&amp#27;[32mthe player makes &amp#27;[0m&amp#27;[32m&amp#27;[1m3&amp#27;[0m&amp#27;[32m rolls&amp#27;[0m                          &amp#27;[90m# bowling.FrameStepDefinitions.thePlayerMakesRolls(int)&amp#27;[0m
  &amp#27;[32mThen &amp#27;[0m&amp#27;[32mall rolls should have been accepted&amp#27;[0m               &amp#27;[90m# bowling.FrameStepDefinitions.allRollsShouldHaveBeenAccepted()&amp#27;[0m
]]></system-out>
  </testcase>
  <testcase name="Score increases after third roll following strike in last frame" classname="Last Frame" time="0.011">
    <system-out><![CDATA[
Scenario: Score increases after third roll following strike in last frame &amp#27;[90m# bowling/last_frame.feature:32&amp#27;[0m
  &amp#27;[32mGiven &amp#27;[0m&amp#27;[32ma last frame&amp#27;[0m                                                      &amp#27;[90m# bowling.FrameStepDefinitions.aLastFrame()&amp#27;[0m
  &amp#27;[32mAnd &amp#27;[0m&amp#27;[32mthe generator is configured as:&amp#27;[0m                                     &amp#27;[90m# bowling.FrameStepDefinitions.theGeneratorIsConfiguredAs(io.cucumber.datatable.DataTable)&amp#27;[0m
    | max | returns |
    | 10  | 10      |
    | 10  | 5       |
    | 10  | 3       |
  &amp#27;[32mWhen &amp#27;[0m&amp#27;[32mthe player makes &amp#27;[0m&amp#27;[32m&amp#27;[1m3&amp#27;[0m&amp#27;[32m rolls&amp#27;[0m                                           &amp#27;[90m# bowling.FrameStepDefinitions.thePlayerMakesRolls(int)&amp#27;[0m
  &amp#27;[32mThen &amp#27;[0m&amp#27;[32mthe score should be &amp#27;[0m&amp#27;[32m&amp#27;[1m18&amp#27;[0m                                             &amp#27;[90m# bowling.FrameStepDefinitions.theScoreShouldBe(int)&amp#27;[0m
]]></system-out>
  </testcase>
  <testcase name="Third roll accepted after spare in last frame" classname="Last Frame" time="0.015">
    <system-out><![CDATA[
Scenario: Third roll accepted after spare in last frame &amp#27;[90m# bowling/last_frame.feature:42&amp#27;[0m
  &amp#27;[32mGiven &amp#27;[0m&amp#27;[32ma last frame&amp#27;[0m                                    &amp#27;[90m# bowling.FrameStepDefinitions.aLastFrame()&amp#27;[0m
  &amp#27;[32mAnd &amp#27;[0m&amp#27;[32mthe generator is configured as:&amp#27;[0m                   &amp#27;[90m# bowling.FrameStepDefinitions.theGeneratorIsConfiguredAs(io.cucumber.datatable.DataTable)&amp#27;[0m
    | max | returns |
    | 10  | 7       |
    | 3   | 3       |
    | 10  | 5       |
  &amp#27;[32mWhen &amp#27;[0m&amp#27;[32mthe player makes &amp#27;[0m&amp#27;[32m&amp#27;[1m3&amp#27;[0m&amp#27;[32m rolls&amp#27;[0m                         &amp#27;[90m# bowling.FrameStepDefinitions.thePlayerMakesRolls(int)&amp#27;[0m
  &amp#27;[32mThen &amp#27;[0m&amp#27;[32mall rolls should have been accepted&amp#27;[0m              &amp#27;[90m# bowling.FrameStepDefinitions.allRollsShouldHaveBeenAccepted()&amp#27;[0m
]]></system-out>
  </testcase>
  <testcase name="Score increases after third roll following spare in last frame" classname="Last Frame" time="0.013">
    <system-out><![CDATA[
Scenario: Score increases after third roll following spare in last frame &amp#27;[90m# bowling/last_frame.feature:52&amp#27;[0m
  &amp#27;[32mGiven &amp#27;[0m&amp#27;[32ma last frame&amp#27;[0m                                                     &amp#27;[90m# bowling.FrameStepDefinitions.aLastFrame()&amp#27;[0m
  &amp#27;[32mAnd &amp#27;[0m&amp#27;[32mthe generator is configured as:&amp#27;[0m                                    &amp#27;[90m# bowling.FrameStepDefinitions.theGeneratorIsConfiguredAs(io.cucumber.datatable.DataTable)&amp#27;[0m
    | max | returns |
    | 10  | 7       |
    | 3   | 3       |
    | 10  | 5       |
  &amp#27;[32mWhen &amp#27;[0m&amp#27;[32mthe player makes &amp#27;[0m&amp#27;[32m&amp#27;[1m3&amp#27;[0m&amp#27;[32m rolls&amp#27;[0m                                          &amp#27;[90m# bowling.FrameStepDefinitions.thePlayerMakesRolls(int)&amp#27;[0m
  &amp#27;[32mThen &amp#27;[0m&amp#27;[32mthe score should be &amp#27;[0m&amp#27;[32m&amp#27;[1m15&amp#27;[0m                                            &amp#27;[90m# bowling.FrameStepDefinitions.theScoreShouldBe(int)&amp#27;[0m
]]></system-out>
  </testcase>
  <testcase name="Third roll rejected when last frame has no strike or spare" classname="Last Frame" time="0.014">
    <system-out><![CDATA[
Scenario: Third roll rejected when last frame has no strike or spare &amp#27;[90m# bowling/last_frame.feature:62&amp#27;[0m
  &amp#27;[32mGiven &amp#27;[0m&amp#27;[32ma last frame&amp#27;[0m                                                 &amp#27;[90m# bowling.FrameStepDefinitions.aLastFrame()&amp#27;[0m
  &amp#27;[32mAnd &amp#27;[0m&amp#27;[32mthe generator is configured as:&amp#27;[0m                                &amp#27;[90m# bowling.FrameStepDefinitions.theGeneratorIsConfiguredAs(io.cucumber.datatable.DataTable)&amp#27;[0m
    | max | returns |
    | 10  | 3       |
    | 7   | 4       |
  &amp#27;[32mWhen &amp#27;[0m&amp#27;[32mthe player makes &amp#27;[0m&amp#27;[32m&amp#27;[1m2&amp#27;[0m&amp#27;[32m rolls&amp#27;[0m                                      &amp#27;[90m# bowling.FrameStepDefinitions.thePlayerMakesRolls(int)&amp#27;[0m
  &amp#27;[32mThen &amp#27;[0m&amp#27;[32mall rolls should have been accepted&amp#27;[0m                           &amp#27;[90m# bowling.FrameStepDefinitions.allRollsShouldHaveBeenAccepted()&amp#27;[0m
  &amp#27;[32mAnd &amp#27;[0m&amp#27;[32mthe next roll should be rejected&amp#27;[0m                               &amp#27;[90m# bowling.FrameStepDefinitions.theNextRollShouldBeRejected()&amp#27;[0m
]]></system-out>
  </testcase>
  <testcase name="Fourth roll rejected in last frame" classname="Last Frame" time="0.014">
    <system-out><![CDATA[
Scenario: Fourth roll rejected in last frame &amp#27;[90m# bowling/last_frame.feature:72&amp#27;[0m
  &amp#27;[32mGiven &amp#27;[0m&amp#27;[32ma last frame&amp#27;[0m                         &amp#27;[90m# bowling.FrameStepDefinitions.aLastFrame()&amp#27;[0m
  &amp#27;[32mAnd &amp#27;[0m&amp#27;[32mthe generator is configured as:&amp#27;[0m        &amp#27;[90m# bowling.FrameStepDefinitions.theGeneratorIsConfiguredAs(io.cucumber.datatable.DataTable)&amp#27;[0m
    | max | returns |
    | 10  | 10      |
    | 10  | 5       |
    | 10  | 3       |
  &amp#27;[32mWhen &amp#27;[0m&amp#27;[32mthe player makes &amp#27;[0m&amp#27;[32m&amp#27;[1m3&amp#27;[0m&amp#27;[32m rolls&amp#27;[0m              &amp#27;[90m# bowling.FrameStepDefinitions.thePlayerMakesRolls(int)&amp#27;[0m
  &amp#27;[32mThen &amp#27;[0m&amp#27;[32mall rolls should have been accepted&amp#27;[0m   &amp#27;[90m# bowling.FrameStepDefinitions.allRollsShouldHaveBeenAccepted()&amp#27;[0m
  &amp#27;[32mAnd &amp#27;[0m&amp#27;[32mthe next roll should be rejected&amp#27;[0m       &amp#27;[90m# bowling.FrameStepDefinitions.theNextRollShouldBeRejected()&amp#27;[0m
]]></system-out>
  </testcase>
  <testcase name="First roll increases score in standard frame" classname="Standard Frame" time="0.022">
    <system-out><![CDATA[
Scenario: First roll increases score in standard frame &amp#27;[90m# bowling/standard_frame.feature:4&amp#27;[0m
  &amp#27;[32mGiven &amp#27;[0m&amp#27;[32ma standard frame&amp#27;[0m                               &amp#27;[90m# bowling.FrameStepDefinitions.aStandardFrame()&amp#27;[0m
  &amp#27;[32mAnd &amp#27;[0m&amp#27;[32mthe generator is configured as:&amp#27;[0m                  &amp#27;[90m# bowling.FrameStepDefinitions.theGeneratorIsConfiguredAs(io.cucumber.datatable.DataTable)&amp#27;[0m
    | max | returns |
    | 10  | 3       |
  &amp#27;[32mWhen &amp#27;[0m&amp#27;[32mthe player makes &amp#27;[0m&amp#27;[32m&amp#27;[1m1&amp#27;[0m&amp#27;[32m roll&amp#27;[0m                         &amp#27;[90m# bowling.FrameStepDefinitions.thePlayerMakesRolls(int)&amp#27;[0m
  &amp#27;[32mThen &amp#27;[0m&amp#27;[32mthe score should be &amp#27;[0m&amp#27;[32m&amp#27;[1m3&amp#27;[0m                           &amp#27;[90m# bowling.FrameStepDefinitions.theScoreShouldBe(int)&amp#27;[0m
]]></system-out>
  </testcase>
  <testcase name="Second roll increases score in standard frame" classname="Standard Frame" time="0.01">
    <system-out><![CDATA[
Scenario: Second roll increases score in standard frame &amp#27;[90m# bowling/standard_frame.feature:12&amp#27;[0m
  &amp#27;[32mGiven &amp#27;[0m&amp#27;[32ma standard frame&amp#27;[0m                                &amp#27;[90m# bowling.FrameStepDefinitions.aStandardFrame()&amp#27;[0m
  &amp#27;[32mAnd &amp#27;[0m&amp#27;[32mthe generator is configured as:&amp#27;[0m                   &amp#27;[90m# bowling.FrameStepDefinitions.theGeneratorIsConfiguredAs(io.cucumber.datatable.DataTable)&amp#27;[0m
    | max | returns |
    | 10  | 3       |
    | 7   | 4       |
  &amp#27;[32mWhen &amp#27;[0m&amp#27;[32mthe player makes &amp#27;[0m&amp#27;[32m&amp#27;[1m2&amp#27;[0m&amp#27;[32m rolls&amp#27;[0m                         &amp#27;[90m# bowling.FrameStepDefinitions.thePlayerMakesRolls(int)&amp#27;[0m
  &amp#27;[32mThen &amp#27;[0m&amp#27;[32mthe score should be &amp#27;[0m&amp#27;[32m&amp#27;[1m7&amp#27;[0m                            &amp#27;[90m# bowling.FrameStepDefinitions.theScoreShouldBe(int)&amp#27;[0m
]]></system-out>
  </testcase>
  <testcase name="Second roll rejected when standard frame starts with strike" classname="Standard Frame" time="0.014">
    <system-out><![CDATA[
Scenario: Second roll rejected when standard frame starts with strike &amp#27;[90m# bowling/standard_frame.feature:21&amp#27;[0m
  &amp#27;[32mGiven &amp#27;[0m&amp#27;[32ma standard frame&amp#27;[0m                                              &amp#27;[90m# bowling.FrameStepDefinitions.aStandardFrame()&amp#27;[0m
  &amp#27;[32mAnd &amp#27;[0m&amp#27;[32mthe generator is configured as:&amp#27;[0m                                 &amp#27;[90m# bowling.FrameStepDefinitions.theGeneratorIsConfiguredAs(io.cucumber.datatable.DataTable)&amp#27;[0m
    | max | returns |
    | 10  | 10      |
  &amp#27;[32mWhen &amp#27;[0m&amp#27;[32mthe player makes &amp#27;[0m&amp#27;[32m&amp#27;[1m1&amp#27;[0m&amp#27;[32m roll&amp#27;[0m                                        &amp#27;[90m# bowling.FrameStepDefinitions.thePlayerMakesRolls(int)&amp#27;[0m
  &amp#27;[32mThen &amp#27;[0m&amp#27;[32mroll &amp#27;[0m&amp#27;[32m&amp#27;[1m1&amp#27;[0m&amp#27;[32m should have been accepted&amp#27;[0m                               &amp#27;[90m# bowling.FrameStepDefinitions.rollNShouldHaveBeenAccepted(int)&amp#27;[0m
  &amp#27;[32mAnd &amp#27;[0m&amp#27;[32mthe next roll should be rejected&amp#27;[0m                                &amp#27;[90m# bowling.FrameStepDefinitions.theNextRollShouldBeRejected()&amp#27;[0m
]]></system-out>
  </testcase>
  <testcase name="Third roll rejected when standard frame already has two rolls" classname="Standard Frame" time="0.014">
    <system-out><![CDATA[
Scenario: Third roll rejected when standard frame already has two rolls &amp#27;[90m# bowling/standard_frame.feature:30&amp#27;[0m
  &amp#27;[32mGiven &amp#27;[0m&amp#27;[32ma standard frame&amp#27;[0m                                                &amp#27;[90m# bowling.FrameStepDefinitions.aStandardFrame()&amp#27;[0m
  &amp#27;[32mAnd &amp#27;[0m&amp#27;[32mthe generator is configured as:&amp#27;[0m                                   &amp#27;[90m# bowling.FrameStepDefinitions.theGeneratorIsConfiguredAs(io.cucumber.datatable.DataTable)&amp#27;[0m
    | max | returns |
    | 10  | 3       |
    | 7   | 4       |
  &amp#27;[32mWhen &amp#27;[0m&amp#27;[32mthe player makes &amp#27;[0m&amp#27;[32m&amp#27;[1m2&amp#27;[0m&amp#27;[32m rolls&amp#27;[0m                                         &amp#27;[90m# bowling.FrameStepDefinitions.thePlayerMakesRolls(int)&amp#27;[0m
  &amp#27;[32mThen &amp#27;[0m&amp#27;[32mall rolls should have been accepted&amp#27;[0m                              &amp#27;[90m# bowling.FrameStepDefinitions.allRollsShouldHaveBeenAccepted()&amp#27;[0m
  &amp#27;[32mAnd &amp#27;[0m&amp#27;[32mthe next roll should be rejected&amp#27;[0m                                  &amp#27;[90m# bowling.FrameStepDefinitions.theNextRollShouldBeRejected()&amp#27;[0m
]]></system-out>
  </testcase>
</testsuite>