<?xml version="1.0" encoding="UTF-8"?>
<testsuite xmlns:xsi="http://www.w3.org/2001/XMLSchema-instance" xsi:noNamespaceSchemaLocation="https://maven.apache.org/surefire/maven-surefire-plugin/xsd/surefire-test-report-3.0.xsd" version="3.0" name="bank.service.AccountServiceTest" time="0.302" tests="18" errors="0" skipped="0" failures="0">
  <properties>
[...]
</properties>
  <testcase name="transfer_negativeAmount_throwsException" classname="bank.service.AccountServiceTest" time="0.189"/>
  <testcase name="getAllAccounts_returnsAllAccounts" classname="bank.service.AccountServiceTest" time="0.019"/>
  <testcase name="deposit_zeroAmount_throwsException" classname="bank.service.AccountServiceTest" time="0.004"/>
  <testcase name="withdraw_insufficientFunds_throwsException" classname="bank.service.AccountServiceTest" time="0.004"/>
  <testcase name="withdraw_negativeAmount_throwsException" classname="bank.service.AccountServiceTest" time="0.003"/>
  <testcase name="transfer_unknownSourceAccount_throwsException" classname="bank.service.AccountServiceTest" time="0.004"/>
  <testcase name="deposit_negativeAmount_throwsException" classname="bank.service.AccountServiceTest" time="0.004"/>
  <testcase name="getAccount_unknownNumber_throwsException" classname="bank.service.AccountServiceTest" time="0.003"/>
  <testcase name="withdraw_validAmount_updatesBalance" classname="bank.service.AccountServiceTest" time="0.007"/>
  <testcase name="getAccount_existingAccount_returnsAccount" classname="bank.service.AccountServiceTest" time="0.004"/>
  <testcase name="transfer_validAmount_updatesBothBalances" classname="bank.service.AccountServiceTest" time="0.004"/>
  <testcase name="createAccount_success" classname="bank.service.AccountServiceTest" time="0.017"/>
  <testcase name="deposit_validAmount_updatesBalance" classname="bank.service.AccountServiceTest" time="0.003"/>
  <testcase name="transfer_zeroAmount_throwsException" classname="bank.service.AccountServiceTest" time="0.003"/>
  <testcase name="transfer_insufficientFunds_throwsException" classname="bank.service.AccountServiceTest" time="0.004"/>
  <testcase name="createAccount_duplicateNumber_throwsException" classname="bank.service.AccountServiceTest" time="0.003"/>
  <testcase name="transfer_unknownDestinationAccount_throwsException" classname="bank.service.AccountServiceTest" time="0.003"/>
  <testcase name="withdraw_zeroAmount_throwsException" classname="bank.service.AccountServiceTest" time="0.002"/>
</testsuite>