<?xml version="1.0" encoding="UTF-8"?>
<testsuite xmlns:xsi="http://www.w3.org/2001/XMLSchema-instance" xsi:noNamespaceSchemaLocation="https://maven.apache.org/surefire/maven-surefire-plugin/xsd/surefire-test-report.xsd" version="3.0.2" name="mediacity.service.PretServiceTest" time="1.886" tests="9" errors="0" skipped="0" failures="0">
  <properties>
[...]
</properties>
  <testcase name="listerPrets_retourneTousLesPrets" classname="mediacity.service.PretServiceTest" time="1.747">
    <system-err><![CDATA[WARNING: A Java agent has been loaded dynamically (C:\Users\Ulysse\.m2\repository\net\bytebuddy\byte-buddy-agent\1.15.0\byte-buddy-agent-1.15.0.jar)
WARNING: If a serviceability tool is in use, please run with -XX:+EnableDynamicAgentLoading to hide this warning
WARNING: If a serviceability tool is not in use, please run with -Djdk.instrument.traceUsage for more information
WARNING: Dynamic loading of agents will be disallowed by default in a future release
]]></system-err>
  </testcase>
  <testcase name="retournerOuvrage_troisiemeRetard_suspendLadherent" classname="mediacity.service.PretServiceTest" time="0.021"/>
  <testcase name="creerPret_adherentSuspenduApres3Retards_nePouvantPlusEmprunter" classname="mediacity.service.PretServiceTest" time="0.01"/>
  <testcase name="retournerOuvrage_pretIntrouvable_leveException" classname="mediacity.service.PretServiceTest" time="0.007"/>
  <testcase name="retournerOuvrage_dansLesDelais_penaliteNulle" classname="mediacity.service.PretServiceTest" time="0.008"/>
  <testcase name="creerPret_ouvrageIndisponible_leveException" classname="mediacity.service.PretServiceTest" time="0.019"/>
  <testcase name="creerPret_ouvrageDisponible_creeLePreet" classname="mediacity.service.PretServiceTest" time="0.01"/>
  <testcase name="creerPret_adherentSuspendu_leveException" classname="mediacity.service.PretServiceTest" time="0.005"/>
  <testcase name="retournerOuvrage_avecRetard_calculePenalite" classname="mediacity.service.PretServiceTest" time="0.005"/>
</testsuite>