<?xml version="1.0" encoding="UTF-8"?>
<testsuite xmlns:xsi="http://www.w3.org/2001/XMLSchema-instance" xsi:noNamespaceSchemaLocation="https://maven.apache.org/surefire/maven-surefire-plugin/xsd/surefire-test-report.xsd" version="3.0.2" name="mediacity.bdd.CucumberRunnerTest" time="0.657" tests="5" errors="0" skipped="0" failures="0">
  <properties>
[...]
</properties>
  <testcase name="Réservation d&apos;un ouvrage indisponible" classname="Gestion des réservations MédiaCity" time="0.134">
    <system-out><![CDATA[
Scénario: Réservation d'un ouvrage indisponible                    &amp#27;[90m# features/reservations.feature:4&amp#27;[0m
  &amp#27;[32mEtant donné &amp#27;[0m&amp#27;[32mun ouvrage &amp#27;[0m&amp#27;[32m&amp#27;[1m"Dune"&amp#27;[0m&amp#27;[32m actuellement emprunté&amp#27;[0m              &amp#27;[90m# mediacity.bdd.steps.ReservationStepDefinitions.ouvrageEmprunte(java.lang.String)&amp#27;[0m
  &amp#27;[32mEt &amp#27;[0m&amp#27;[32mun adhérent actif &amp#27;[0m&amp#27;[32m&amp#27;[1m"Alice"&amp#27;[0m                                     &amp#27;[90m# mediacity.bdd.steps.ReservationStepDefinitions.adherentActif(java.lang.String)&amp#27;[0m
  &amp#27;[32mQuand &amp#27;[0m&amp#27;[32m&amp#27;[0m&amp#27;[32m&amp#27;[1m"Alice"&amp#27;[0m&amp#27;[32m réserve l'ouvrage &amp#27;[0m&amp#27;[32m&amp#27;[1m"Dune"&amp#27;[0m                           &amp#27;[90m# mediacity.bdd.steps.ReservationStepDefinitions.adherentReserve(java.lang.String,java.lang.String)&amp#27;[0m
  &amp#27;[32mAlors &amp#27;[0m&amp#27;[32mla réservation est enregistrée avec le statut &amp#27;[0m&amp#27;[32m&amp#27;[1m"EN_ATTENTE"&amp#27;[0m &amp#27;[90m# mediacity.bdd.steps.ReservationStepDefinitions.reservationStatut(java.lang.String)&amp#27;[0m
]]></system-out>
  </testcase>
  <testcase name="Plusieurs réservations sur le même ouvrage" classname="Gestion des réservations MédiaCity" time="0.015">
    <system-out><![CDATA[
Scénario: Plusieurs réservations sur le même ouvrage  &amp#27;[90m# features/reservations.feature:10&amp#27;[0m
  &amp#27;[32mEtant donné &amp#27;[0m&amp#27;[32mun ouvrage &amp#27;[0m&amp#27;[32m&amp#27;[1m"1984"&amp#27;[0m&amp#27;[32m actuellement emprunté&amp#27;[0m &amp#27;[90m# mediacity.bdd.steps.ReservationStepDefinitions.ouvrageEmprunte(java.lang.String)&amp#27;[0m
  &amp#27;[32mEt &amp#27;[0m&amp#27;[32mun adhérent actif &amp#27;[0m&amp#27;[32m&amp#27;[1m"Bob"&amp#27;[0m                          &amp#27;[90m# mediacity.bdd.steps.ReservationStepDefinitions.adherentActif(java.lang.String)&amp#27;[0m
  &amp#27;[32mEt &amp#27;[0m&amp#27;[32mun adhérent actif &amp#27;[0m&amp#27;[32m&amp#27;[1m"Carol"&amp#27;[0m                        &amp#27;[90m# mediacity.bdd.steps.ReservationStepDefinitions.adherentActif(java.lang.String)&amp#27;[0m
  &amp#27;[32mQuand &amp#27;[0m&amp#27;[32m&amp#27;[0m&amp#27;[32m&amp#27;[1m"Bob"&amp#27;[0m&amp#27;[32m réserve l'ouvrage &amp#27;[0m&amp#27;[32m&amp#27;[1m"1984"&amp#27;[0m                &amp#27;[90m# mediacity.bdd.steps.ReservationStepDefinitions.adherentReserve(java.lang.String,java.lang.String)&amp#27;[0m
  &amp#27;[32mEt &amp#27;[0m&amp#27;[32m&amp#27;[0m&amp#27;[32m&amp#27;[1m"Carol"&amp#27;[0m&amp#27;[32m réserve l'ouvrage &amp#27;[0m&amp#27;[32m&amp#27;[1m"1984"&amp#27;[0m                 &amp#27;[90m# mediacity.bdd.steps.ReservationStepDefinitions.adherentReserve(java.lang.String,java.lang.String)&amp#27;[0m
  &amp#27;[32mAlors &amp#27;[0m&amp#27;[32mil y a &amp#27;[0m&amp#27;[32m&amp#27;[1m2&amp#27;[0m&amp#27;[32m réservations en attente pour &amp#27;[0m&amp#27;[32m&amp#27;[1m"1984"&amp#27;[0m  &amp#27;[90m# mediacity.bdd.steps.ReservationStepDefinitions.nombreReservationsEnAttente(int,java.lang.String)&amp#27;[0m
]]></system-out>
  </testcase>
  <testcase name="Restitution d&apos;un ouvrage réservé notifie le prochain réservant" classname="Gestion des réservations MédiaCity" time="0.013">
    <system-out><![CDATA[
Scénario: Restitution d'un ouvrage réservé notifie le prochain réservant &amp#27;[90m# features/reservations.feature:18&amp#27;[0m
  &amp#27;[32mEtant donné &amp#27;[0m&amp#27;[32mun ouvrage &amp#27;[0m&amp#27;[32m&amp#27;[1m"Fondation"&amp#27;[0m&amp#27;[32m actuellement emprunté&amp#27;[0m               &amp#27;[90m# mediacity.bdd.steps.ReservationStepDefinitions.ouvrageEmprunte(java.lang.String)&amp#27;[0m
  &amp#27;[32mEt &amp#27;[0m&amp#27;[32mun adhérent actif &amp#27;[0m&amp#27;[32m&amp#27;[1m"David"&amp#27;[0m&amp#27;[32m a réservé l'ouvrage &amp#27;[0m&amp#27;[32m&amp#27;[1m"Fondation"&amp#27;[0m           &amp#27;[90m# mediacity.bdd.steps.ReservationStepDefinitions.adherentAReserve(java.lang.String,java.lang.String)&amp#27;[0m
  &amp#27;[32mQuand &amp#27;[0m&amp#27;[32ml'ouvrage &amp#27;[0m&amp#27;[32m&amp#27;[1m"Fondation"&amp#27;[0m&amp#27;[32m est restitué&amp#27;[0m                               &amp#27;[90m# mediacity.bdd.steps.ReservationStepDefinitions.ouvrageRestitue(java.lang.String)&amp#27;[0m
  &amp#27;[32mAlors &amp#27;[0m&amp#27;[32mla réservation de &amp#27;[0m&amp#27;[32m&amp#27;[1m"David"&amp#27;[0m&amp#27;[32m passe au statut &amp#27;[0m&amp#27;[32m&amp#27;[1m"DISPONIBLE"&amp#27;[0m           &amp#27;[90m# mediacity.bdd.steps.ReservationStepDefinitions.reservationDeAdherentStatut(java.lang.String,java.lang.String)&amp#27;[0m
]]></system-out>
  </testcase>
  <testcase name="Refus de réservation pour un adhérent suspendu" classname="Gestion des réservations MédiaCity" time="0.012">
    <system-out><![CDATA[
Scénario: Refus de réservation pour un adhérent suspendu                 &amp#27;[90m# features/reservations.feature:24&amp#27;[0m
  &amp#27;[32mEtant donné &amp#27;[0m&amp#27;[32mun ouvrage &amp#27;[0m&amp#27;[32m&amp#27;[1m"Le Seigneur des Anneaux"&amp#27;[0m&amp#27;[32m actuellement emprunté&amp#27;[0m &amp#27;[90m# mediacity.bdd.steps.ReservationStepDefinitions.ouvrageEmprunte(java.lang.String)&amp#27;[0m
  &amp#27;[32mEt &amp#27;[0m&amp#27;[32mun adhérent suspendu &amp#27;[0m&amp#27;[32m&amp#27;[1m"Eve"&amp#27;[0m                                          &amp#27;[90m# mediacity.bdd.steps.ReservationStepDefinitions.adherentSuspendu(java.lang.String)&amp#27;[0m
  &amp#27;[32mQuand &amp#27;[0m&amp#27;[32m&amp#27;[0m&amp#27;[32m&amp#27;[1m"Eve"&amp#27;[0m&amp#27;[32m tente de réserver l'ouvrage &amp#27;[0m&amp#27;[32m&amp#27;[1m"Le Seigneur des Anneaux"&amp#27;[0m      &amp#27;[90m# mediacity.bdd.steps.ReservationStepDefinitions.adherentTenteReserver(java.lang.String,java.lang.String)&amp#27;[0m
  &amp#27;[32mAlors &amp#27;[0m&amp#27;[32mune erreur d'adhérent suspendu est levée&amp#27;[0m                         &amp#27;[90m# mediacity.bdd.steps.ReservationStepDefinitions.erreurAdherentSuspendu()&amp#27;[0m
]]></system-out>
  </testcase>
  <testcase name="Un ouvrage disponible ne peut pas être réservé" classname="Gestion des réservations MédiaCity" time="0.011">
    <system-out><![CDATA[
Scénario: Un ouvrage disponible ne peut pas être réservé      &amp#27;[90m# features/reservations.feature:30&amp#27;[0m
  &amp#27;[32mEtant donné &amp#27;[0m&amp#27;[32mun ouvrage &amp#27;[0m&amp#27;[32m&amp#27;[1m"Fahrenheit 451"&amp#27;[0m&amp#27;[32m disponible en rayon&amp#27;[0m &amp#27;[90m# mediacity.bdd.steps.ReservationStepDefinitions.ouvrageDisponible(java.lang.String)&amp#27;[0m
  &amp#27;[32mEt &amp#27;[0m&amp#27;[32mun adhérent actif &amp#27;[0m&amp#27;[32m&amp#27;[1m"Frank"&amp#27;[0m                                &amp#27;[90m# mediacity.bdd.steps.ReservationStepDefinitions.adherentActif(java.lang.String)&amp#27;[0m
  &amp#27;[32mQuand &amp#27;[0m&amp#27;[32m&amp#27;[0m&amp#27;[32m&amp#27;[1m"Frank"&amp#27;[0m&amp#27;[32m tente de réserver l'ouvrage &amp#27;[0m&amp#27;[32m&amp#27;[1m"Fahrenheit 451"&amp#27;[0m  &amp#27;[90m# mediacity.bdd.steps.ReservationStepDefinitions.adherentTenteReserver(java.lang.String,java.lang.String)&amp#27;[0m
  &amp#27;[32mAlors &amp#27;[0m&amp#27;[32mune erreur indique que l'ouvrage est déjà disponible&amp#27;[0m  &amp#27;[90m# mediacity.bdd.steps.ReservationStepDefinitions.erreurOuvrageDisponible()&amp#27;[0m
]]></system-out>
  </testcase>
</testsuite>